[2026-02-03 21:04:25] RAW RESPONSE: بناءً على تحليلي لبيانات منشأتك، نوصي بالتركيز الفوري على سد فجوات الأتمتة وتعزيز قنوات النمو الرقمي لضمان استمرارية الربحية وتجنب فرص الهدر المكتشفة.
[2026-02-03 21:04:28] RAW RESPONSE: بناءً على تحليلي لبيانات منشأتك، نوصي بالتركيز الفوري على سد فجوات الأتمتة وتعزيز قنوات النمو الرقمي لضمان استمرارية الربحية وتجنب فرص الهدر المكتشفة.
[2026-02-03 21:04:31] RAW RESPONSE: بناءً على تحليلي لبيانات منشأتك، نوصي بالتركيز الفوري على سد فجوات الأتمتة وتعزيز قنوات النمو الرقمي لضمان استمرارية الربحية وتجنب فرص الهدر المكتشفة.
[2026-02-03 21:04:34] RAW RESPONSE: بناءً على تحليلي لبيانات منشأتك، نوصي بالتركيز الفوري على سد فجوات الأتمتة وتعزيز قنوات النمو الرقمي لضمان استمرارية الربحية وتجنب فرص الهدر المكتشفة.
[2026-02-03 21:04:35] RAW RESPONSE: بناءً على تحليلي لبيانات منشأتك، نوصي بالتركيز الفوري على سد فجوات الأتمتة وتعزيز قنوات النمو الرقمي لضمان استمرارية الربحية وتجنب فرص الهدر المكتشفة.
[2026-02-03 21:06:26] RAW RESPONSE: ```json
{
  "team_report": {
    "programmer_view": "عدد العمليات الإجمالية (5) يشير إلى وجود مشاكل تقنية أو تعقيد في عملية التشخيص قد يثبط المستخدمين، مع الحاجة لتحسين الأداء وتقليل الأخطاء لزيادة النجاح.",
    "marketer_view": "القطاع الرائد ecommerce يتطلب استراتيجية تسويق متمحورة حول الثقة والسهولة في التجربة، مع التركيز على زيادة الوعي بالعلامة التجارية وتحسين معدلات التحويل.",
    "content_view": "المتوسط العام للدرجات المنخفض (27%) يشير إلى محتوى الموقع قد لا يلبي توقعات المستخدمين بشكل كافٍ، مع الحاجة لتحسين الجودة والتركيز على حل مشاكل التجارة الإلكترونية.",
    "ux_view": "تجربة المستخدم في صفحات التشخيص تحتاج إلى تبسيط الخطوات وزيادة الوضوح، مع إضافة مؤشرات تقدم لزيادة التحفيز والتزام المستخدم."
  },
  "recommendations": [
    {"role": "تسويق", "action": "إطلاق حملات تسويقية مستهدفة لقطاع التجارة الإلكترونية", "impact": "عالي"},
    {"role": "مطور", "action": "تحسين الأداء التقني لعمليات التشخيص وتقليل التعقيد", "impact": "عالي"},
    {"role": "مصمم", "action": "إعادة تصميم واجهة التشخيص لتوفير تجربة بديهية", "impact": "متوسط"},
    {"role": "مؤلف محتوى", "action": "تحسين جودة المحتوى وزيادة العناصر التفاعلية", "impact": "متوسط"}
  ],
  "kb_proposals": [
    {"rule": "تطوير قاعدة معرفة خاصة بتجارب التجارة الإلكترونية الناجحة", "reason": "القطاع الرائد هو ecommerce وبيانات تشخيص المستخدمين تحتاج دعم أكبر"},
    {"rule": "إنشاء أدلة تفاعلية خطوة بخطوة لمساعدة المستخدمين", "reason": "عدد العمليات المنخفض (5) ودرجات التشخيص المحدودة تشير إلى الحاجة لدعم أكبر"}
  ]
}
```
